  Tugas1_Grafkom_G_672018162.cpp
C:\Users\hasshh\source\repos\Tugas1_Grafkom_G_672018162\Tugas1_Grafkom_G_672018162\Tugas1_Grafkom_G_672018162.cpp(4,36): warning C4305: 'argument': truncation from 'double' to 'GLclampf'
C:\Users\hasshh\source\repos\Tugas1_Grafkom_G_672018162\Tugas1_Grafkom_G_672018162\Tugas1_Grafkom_G_672018162.cpp(49,28): warning C4305: 'argument': truncation from 'double' to 'GLfloat'
C:\Users\hasshh\source\repos\Tugas1_Grafkom_G_672018162\Tugas1_Grafkom_G_672018162\Tugas1_Grafkom_G_672018162.cpp(56,28): warning C4305: 'argument': truncation from 'double' to 'GLfloat'
C:\Users\hasshh\source\repos\Tugas1_Grafkom_G_672018162\Tugas1_Grafkom_G_672018162\Tugas1_Grafkom_G_672018162.cpp(63,28): warning C4305: 'argument': truncation from 'double' to 'GLfloat'
C:\Users\hasshh\source\repos\Tugas1_Grafkom_G_672018162\Tugas1_Grafkom_G_672018162\Tugas1_Grafkom_G_672018162.cpp(70,28): warning C4305: 'argument': truncation from 'double' to 'GLfloat'
C:\Users\hasshh\source\repos\Tugas1_Grafkom_G_672018162\Tugas1_Grafkom_G_672018162\Tugas1_Grafkom_G_672018162.cpp(77,28): warning C4305: 'argument': truncation from 'double' to 'GLfloat'
C:\Users\hasshh\source\repos\Tugas1_Grafkom_G_672018162\Tugas1_Grafkom_G_672018162\Tugas1_Grafkom_G_672018162.cpp(86,28): warning C4305: 'argument': truncation from 'double' to 'GLfloat'
C:\Users\hasshh\source\repos\Tugas1_Grafkom_G_672018162\Tugas1_Grafkom_G_672018162\Tugas1_Grafkom_G_672018162.cpp(93,28): warning C4305: 'argument': truncation from 'double' to 'GLfloat'
C:\Users\hasshh\source\repos\Tugas1_Grafkom_G_672018162\Tugas1_Grafkom_G_672018162\Tugas1_Grafkom_G_672018162.cpp(100,28): warning C4305: 'argument': truncation from 'double' to 'GLfloat'
C:\Users\hasshh\source\repos\Tugas1_Grafkom_G_672018162\Tugas1_Grafkom_G_672018162\Tugas1_Grafkom_G_672018162.cpp(107,28): warning C4305: 'argument': truncation from 'double' to 'GLfloat'
C:\Users\hasshh\source\repos\Tugas1_Grafkom_G_672018162\Tugas1_Grafkom_G_672018162\Tugas1_Grafkom_G_672018162.cpp(116,28): warning C4305: 'argument': truncation from 'double' to 'GLfloat'
C:\Users\hasshh\source\repos\Tugas1_Grafkom_G_672018162\Tugas1_Grafkom_G_672018162\Tugas1_Grafkom_G_672018162.cpp(124,28): warning C4305: 'argument': truncation from 'double' to 'GLfloat'
C:\Users\hasshh\source\repos\Tugas1_Grafkom_G_672018162\Tugas1_Grafkom_G_672018162\Tugas1_Grafkom_G_672018162.cpp(131,28): warning C4305: 'argument': truncation from 'double' to 'GLfloat'
C:\Users\hasshh\source\repos\Tugas1_Grafkom_G_672018162\Tugas1_Grafkom_G_672018162\Tugas1_Grafkom_G_672018162.cpp(147,28): warning C4305: 'argument': truncation from 'double' to 'GLfloat'
C:\Users\hasshh\source\repos\Tugas1_Grafkom_G_672018162\Tugas1_Grafkom_G_672018162\Tugas1_Grafkom_G_672018162.cpp(154,28): warning C4305: 'argument': truncation from 'double' to 'GLfloat'
C:\Users\hasshh\source\repos\Tugas1_Grafkom_G_672018162\Tugas1_Grafkom_G_672018162\Tugas1_Grafkom_G_672018162.cpp(162,28): warning C4305: 'argument': truncation from 'double' to 'GLfloat'
C:\Users\hasshh\source\repos\Tugas1_Grafkom_G_672018162\Tugas1_Grafkom_G_672018162\Tugas1_Grafkom_G_672018162.cpp(170,28): warning C4305: 'argument': truncation from 'double' to 'GLfloat'
C:\Users\hasshh\source\repos\Tugas1_Grafkom_G_672018162\Tugas1_Grafkom_G_672018162\Tugas1_Grafkom_G_672018162.cpp(179,28): warning C4305: 'argument': truncation from 'double' to 'GLfloat'
C:\Users\hasshh\source\repos\Tugas1_Grafkom_G_672018162\Tugas1_Grafkom_G_672018162\Tugas1_Grafkom_G_672018162.cpp(187,28): warning C4305: 'argument': truncation from 'double' to 'GLfloat'
C:\Users\hasshh\source\repos\Tugas1_Grafkom_G_672018162\Tugas1_Grafkom_G_672018162\Tugas1_Grafkom_G_672018162.cpp(197,28): warning C4305: 'argument': truncation from 'double' to 'GLfloat'
C:\Users\hasshh\source\repos\Tugas1_Grafkom_G_672018162\Tugas1_Grafkom_G_672018162\Tugas1_Grafkom_G_672018162.cpp(207,28): warning C4305: 'argument': truncation from 'double' to 'GLfloat'
C:\Users\hasshh\source\repos\Tugas1_Grafkom_G_672018162\Tugas1_Grafkom_G_672018162\Tugas1_Grafkom_G_672018162.cpp(215,28): warning C4305: 'argument': truncation from 'double' to 'GLfloat'
C:\Users\hasshh\source\repos\Tugas1_Grafkom_G_672018162\Tugas1_Grafkom_G_672018162\Tugas1_Grafkom_G_672018162.cpp(230,29): warning C4305: 'argument': truncation from 'double' to 'GLfloat'
C:\Users\hasshh\source\repos\Tugas1_Grafkom_G_672018162\Tugas1_Grafkom_G_672018162\Tugas1_Grafkom_G_672018162.cpp(238,29): warning C4305: 'argument': truncation from 'double' to 'GLfloat'
C:\Users\hasshh\source\repos\Tugas1_Grafkom_G_672018162\Tugas1_Grafkom_G_672018162\Tugas1_Grafkom_G_672018162.cpp(246,29): warning C4305: 'argument': truncation from 'double' to 'GLfloat'
  Generating code
  Previous IPDB not found, fall back to full compilation.
  All 5 functions were compiled because no usable IPDB/IOBJ from previous compilation was found.
  Finished generating code
  Tugas1_Grafkom_G_672018162.vcxproj -> C:\Users\hasshh\source\repos\Tugas1_Grafkom_G_672018162\x64\Release\Tugas1_Grafkom_G_672018162.exe
